<?xml version="1.0" encoding="UTF-8"?>
<testsuite name="Habilidades de pokemon" tests="1" skipped="0" failures="1" errors="0" timestamp="2022-03-24T20:01:12" hostname="LENOVO-PC" time="8.447">
  <properties/>
  <testcase name="Pokemon que tiene la habilidad" classname="Habilidades de pokemon" time="8.447">
    <failure message="com.fasterxml.jackson.databind.exc.InvalidDefinitionException: Cannot construct instance of `co.com.sofka.models.pokeapi.singleability.SingleAbility` (no Creators, like default constructor, exist): cannot deserialize from Object value (no delegate- or property-based Creator)&#10; at [Source: (String)&quot;{&#10;    &quot;effect_changes&quot;: [&#10;        {&#10;            &quot;effect_entries&quot;: [&#10;                {&#10;                    &quot;effect&quot;: &quot;Hat im Kampf keinen Effekt.&quot;,&#10;                    &quot;language&quot;: {&#10;                        &quot;name&quot;: &quot;de&quot;,&#10;                        &quot;url&quot;: &quot;https://pokeapi.co/api/v2/language/6/&quot;&#10;                    }&#10;                },&#10;                {&#10;                    &quot;effect&quot;: &quot;Has no effect in battle.&quot;,&#10;                    &quot;language&quot;: {&#10;                        &quot;name&quot;: &quot;en&quot;,&#10;                     &quot;[truncated 31318 chars]; line: 2, column: 5]" type="com.fasterxml.jackson.databind.exc.InvalidDefinitionException">com.fasterxml.jackson.databind.exc.InvalidDefinitionException: Cannot construct instance of `co.com.sofka.models.pokeapi.singleability.SingleAbility` (no Creators, like default constructor, exist): cannot deserialize from Object value (no delegate- or property-based Creator)
 at [Source: (String)&quot;{
    &quot;effect_changes&quot;: [
        {
            &quot;effect_entries&quot;: [
                {
                    &quot;effect&quot;: &quot;Hat im Kampf keinen Effekt.&quot;,
                    &quot;language&quot;: {
                        &quot;name&quot;: &quot;de&quot;,
                        &quot;url&quot;: &quot;https://pokeapi.co/api/v2/language/6/&quot;
                    }
                },
                {
                    &quot;effect&quot;: &quot;Has no effect in battle.&quot;,
                    &quot;language&quot;: {
                        &quot;name&quot;: &quot;en&quot;,
                     &quot;[truncated 31318 chars]; line: 2, column: 5]
	at com.fasterxml.jackson.databind.exc.InvalidDefinitionException.from(InvalidDefinitionException.java:67)
	at com.fasterxml.jackson.databind.DeserializationContext.reportBadDefinition(DeserializationContext.java:1904)
	at com.fasterxml.jackson.databind.DatabindContext.reportBadDefinition(DatabindContext.java:400)
	at com.fasterxml.jackson.databind.DeserializationContext.handleMissingInstantiator(DeserializationContext.java:1349)
	at com.fasterxml.jackson.databind.deser.BeanDeserializerBase.deserializeFromObjectUsingNonDefault(BeanDeserializerBase.java:1415)
	at com.fasterxml.jackson.databind.deser.BeanDeserializer.deserializeFromObject(BeanDeserializer.java:351)
	at com.fasterxml.jackson.databind.deser.BeanDeserializer.deserialize(BeanDeserializer.java:184)
	at com.fasterxml.jackson.databind.deser.DefaultDeserializationContext.readRootValue(DefaultDeserializationContext.java:322)
	at com.fasterxml.jackson.databind.ObjectMapper._readMapAndClose(ObjectMapper.java:4674)
	at com.fasterxml.jackson.databind.ObjectMapper.readValue(ObjectMapper.java:3629)
	at com.fasterxml.jackson.databind.ObjectMapper$readValue$0.call(Unknown Source)
	at org.codehaus.groovy.runtime.callsite.CallSiteArray.defaultCall(CallSiteArray.java:47)
	at org.codehaus.groovy.runtime.callsite.AbstractCallSite.call(AbstractCallSite.java:115)
	at org.codehaus.groovy.runtime.callsite.AbstractCallSite.call(AbstractCallSite.java:135)
	at io.restassured.internal.path.json.mapping.JsonPathJackson2ObjectDeserializer.deserialize(JsonPathJackson2ObjectDeserializer.groovy:47)
	at io.restassured.path.json.mapping.JsonPathObjectDeserializer$deserialize.call(Unknown Source)
	at org.codehaus.groovy.runtime.callsite.CallSiteArray.defaultCall(CallSiteArray.java:47)
	at org.codehaus.groovy.runtime.callsite.AbstractCallSite.call(AbstractCallSite.java:115)
	at org.codehaus.groovy.runtime.callsite.AbstractCallSite.call(AbstractCallSite.java:127)
	at io.restassured.internal.mapping.Jackson2Mapper.deserialize(Jackson2Mapper.groovy:58)
	at io.restassured.mapper.ObjectMapper$deserialize.call(Unknown Source)
	at org.codehaus.groovy.runtime.callsite.CallSiteArray.defaultCall(CallSiteArray.java:47)
	at org.codehaus.groovy.runtime.callsite.AbstractCallSite.call(AbstractCallSite.java:115)
	at org.codehaus.groovy.runtime.callsite.AbstractCallSite.call(AbstractCallSite.java:127)
	at io.restassured.internal.mapping.ObjectMapping.parseWithJackson2(ObjectMapping.groovy:204)
	at io.restassured.internal.mapping.ObjectMapping$parseWithJackson2$0.callStatic(Unknown Source)
	at org.codehaus.groovy.runtime.callsite.CallSiteArray.defaultCallStatic(CallSiteArray.java:55)
	at org.codehaus.groovy.runtime.callsite.AbstractCallSite.callStatic(AbstractCallSite.java:196)
	at org.codehaus.groovy.runtime.callsite.AbstractCallSite.callStatic(AbstractCallSite.java:216)
	at io.restassured.internal.mapping.ObjectMapping.deserialize(ObjectMapping.groovy:57)
	at io.restassured.internal.mapping.ObjectMapping$deserialize.call(Unknown Source)
	at org.codehaus.groovy.runtime.callsite.CallSiteArray.defaultCall(CallSiteArray.java:47)
	at org.codehaus.groovy.runtime.callsite.AbstractCallSite.call(AbstractCallSite.java:115)
	at io.restassured.internal.RestAssuredResponseOptionsGroovyImpl.as(RestAssuredResponseOptionsGroovyImpl.groovy:220)
	at io.restassured.internal.RestAssuredResponseOptionsImpl.as(RestAssuredResponseOptionsImpl.java:166)
	at net.serenitybdd.rest.decorators.ResponseDecorated.as(ResponseDecorated.java:63)
	at co.com.sofka.question.pokeapi.SingleAbilityResponse.answeredBy(SingleAbilityResponse.java:19)
	at co.com.sofka.stepdefinition.pokeapi.SingleAbilityStepDefinition.observaQueUnoDeLosPokemonQueTieneEsaHabilidadEs(SingleAbilityStepDefinition.java:42)
	at ✽.observa que uno de los pokemon que tiene esa habilidad es &quot;gloom&quot;(file:///C:/Users/S410p%20Touch/Documents/5.GuardarLenguajes/Carpeta_Java/Sofka/RetoScreenplay/src/test/resources/features/pokeapi/singleAbility.feature:12)
</failure>
  </testcase>
  <system-out><![CDATA[{
    "effect_changes": [
        {
            "effect_entries": [
                {
                    "effect": "Hat im Kampf keinen Effekt.",
                    "language": {
                        "name": "de",
                        "url": "https://pokeapi.co/api/v2/language/6/"
                    }
                },
                {
                    "effect": "Has no effect in battle.",
                    "language": {
                        "name": "en",
                        "url": "https://pokeapi.co/api/v2/language/9/"
                    }
                }
            ],
            "version_group": {
                "name": "black-white",
                "url": "https://pokeapi.co/api/v2/version-group/11/"
            }
        }
    ],
    "effect_entries": [
        {
            "effect": "Attacken die Schaden verursachen haben mit jedem Treffer eine 10% Chance das Ziel zurückschrecken zu lassen, wenn die Attacke dies nicht bereits als Nebeneffekt hat.\n\nDer Effekt stapelt nicht mit dem von getragenen Items.\n\nAußerhalb vom Kampf: Wenn ein Pokémon mit dieser Fähigkeit an erster Stelle im Team steht, tauchen wilde Pokémon nur halb so oft auf.",
            "language": {
                "name": "de",
                "url": "https://pokeapi.co/api/v2/language/6/"
            },
            "short_effect": "Mit jedem Treffer besteht eine 10% Chance das Ziel zurückschrecken zu lassen."
        },
        {
            "effect": "This Pokémon's damaging moves have a 10% chance to make the target flinch with each hit if they do not already cause flinching as a secondary effect.\n\nThis ability does not stack with a held item.\n\nOverworld: The wild encounter rate is halved while this Pokémon is first in the party.",
            "language": {
                "name": "en",
                "url": "https://pokeapi.co/api/v2/language/9/"
            },
            "short_effect": "Has a 10% chance of making target Pokémon flinch with each hit."
        }
    ],
    "flavor_text_entries": [
        {
            "flavor_text": "Helps repel wild POKéMON.",
            "language": {
                "name": "en",
                "url": "https://pokeapi.co/api/v2/language/9/"
            },
            "version_group": {
                "name": "ruby-sapphire",
                "url": "https://pokeapi.co/api/v2/version-group/5/"
            }
        },
        {
            "flavor_text": "Helps repel wild POKéMON.",
            "language": {
                "name": "en",
                "url": "https://pokeapi.co/api/v2/language/9/"
            },
            "version_group": {
                "name": "emerald",
                "url": "https://pokeapi.co/api/v2/version-group/6/"
            }
        },
        {
            "flavor_text": "Helps repel wild POKéMON.",
            "language": {
                "name": "en",
                "url": "https://pokeapi.co/api/v2/language/9/"
            },
            "version_group": {
                "name": "firered-leafgreen",
                "url": "https://pokeapi.co/api/v2/version-group/7/"
            }
        },
        {
            "flavor_text": "The stench helps keep\nwild Pokémon away.",
            "language": {
                "name": "en",
                "url": "https://pokeapi.co/api/v2/language/9/"
            },
            "version_group": {
                "name": "diamond-pearl",
                "url": "https://pokeapi.co/api/v2/version-group/8/"
            }
        },
        {
            "flavor_text": "The stench helps keep\nwild Pokémon away.",
            "language": {
                "name": "en",
                "url": "https://pokeapi.co/api/v2/language/9/"
            },
            "version_group": {
                "name": "platinum",
                "url": "https://pokeapi.co/api/v2/version-group/9/"
            }
        },
        {
            "flavor_text": "The stench helps keep\nwild Pokémon away.",
            "language": {
                "name": "en",
                "url": "https://pokeapi.co/api/v2/language/9/"
            },
            "version_group": {
                "name": "heartgold-soulsilver",
                "url": "https://pokeapi.co/api/v2/version-group/10/"
            }
        },
        {
            "flavor_text": "La puanteur peut\neffrayer l’adversaire.",
            "language": {
                "name": "fr",
                "url": "https://pokeapi.co/api/v2/language/5/"
            },
            "version_group": {
                "name": "black-white",
                "url": "https://pokeapi.co/api/v2/version-group/11/"
            }
        },
        {
            "flavor_text": "The stench may cause\nthe target to flinch.",
            "language": {
                "name": "en",
                "url": "https://pokeapi.co/api/v2/language/9/"
            },
            "version_group": {
                "name": "black-white",
                "url": "https://pokeapi.co/api/v2/version-group/11/"
            }
        },
        {
            "flavor_text": "The stench may cause\nthe target to flinch.",
            "language": {
                "name": "en",
                "url": "https://pokeapi.co/api/v2/language/9/"
            },
            "version_group": {
                "name": "black-2-white-2",
                "url": "https://pokeapi.co/api/v2/version-group/14/"
            }
        },
        {
            "flavor_text": "?????????\n??????????",
            "language": {
                "name": "ja-Hrkt",
                "url": "https://pokeapi.co/api/v2/language/1/"
            },
            "version_group": {
                "name": "x-y",
                "url": "https://pokeapi.co/api/v2/version-group/15/"
            }
        },
        {
            "flavor_text": "?? ??? ???\n??? ?? ??.",
            "language": {
                "name": "ko",
                "url": "https://pokeapi.co/api/v2/language/3/"
            },
            "version_group": {
                "name": "x-y",
                "url": "https://pokeapi.co/api/v2/version-group/15/"
            }
        },
        {
            "flavor_text": "La puanteur peut effrayer\nl’adversaire.",
            "language": {
                "name": "fr",
                "url": "https://pokeapi.co/api/v2/language/5/"
            },
            "version_group": {
                "name": "x-y",
                "url": "https://pokeapi.co/api/v2/version-group/15/"
            }
        },
        {
            "flavor_text": "Lässt den Gegner durch Gestank\nzurückschrecken.",
            "language": {
                "name": "de",
                "url": "https://pokeapi.co/api/v2/language/6/"
            },
            "version_group": {
                "name": "x-y",
                "url": "https://pokeapi.co/api/v2/version-group/15/"
            }
        },
        {
            "flavor_text": "Es posible que el rival retroceda\npor el mal olor.",
            "language": {
                "name": "es",
                "url": "https://pokeapi.co/api/v2/language/7/"
            },
            "version_group": {
                "name": "x-y",
                "url": "https://pokeapi.co/api/v2/version-group/15/"
            }
        },
        {
            "flavor_text": "A volte il cattivo odore\nfa tentennare i nemici.",
            "language": {
                "name": "it",
                "url": "https://pokeapi.co/api/v2/language/8/"
            },
            "version_group": {
                "name": "x-y",
                "url": "https://pokeapi.co/api/v2/version-group/15/"
            }
        },
        {
            "flavor_text": "The stench may cause\nthe target to flinch.",
            "language": {
                "name": "en",
                "url": "https://pokeapi.co/api/v2/language/9/"
            },
            "version_group": {
                "name": "x-y",
                "url": "https://pokeapi.co/api/v2/version-group/15/"
            }
        },
        {
            "flavor_text": "???????\n??????????",
            "language": {
                "name": "ja",
                "url": "https://pokeapi.co/api/v2/language/11/"
            },
            "version_group": {
                "name": "x-y",
                "url": "https://pokeapi.co/api/v2/version-group/15/"
            }
        },
        {
            "flavor_text": "?????????\n??????????",
            "language": {
                "name": "ja-Hrkt",
                "url": "https://pokeapi.co/api/v2/language/1/"
            },
            "version_group": {
                "name": "omega-ruby-alpha-sapphire",
                "url": "https://pokeapi.co/api/v2/version-group/16/"
            }
        },
        {
            "flavor_text": "?? ??? ???\n??? ?? ??.",
            "language": {
                "name": "ko",
                "url": "https://pokeapi.co/api/v2/language/3/"
            },
            "version_group": {
                "name": "omega-ruby-alpha-sapphire",
                "url": "https://pokeapi.co/api/v2/version-group/16/"
            }
        },
        {
            "flavor_text": "La puanteur peut effrayer\nl’adversaire.",
            "language": {
                "name": "fr",
                "url": "https://pokeapi.co/api/v2/language/5/"
            },
            "version_group": {
                "name": "omega-ruby-alpha-sapphire",
                "url": "https://pokeapi.co/api/v2/version-group/16/"
            }
        },
        {
            "flavor_text": "Lässt den Gegner durch Gestank\nzurückschrecken.",
            "language": {
                "name": "de",
                "url": "https://pokeapi.co/api/v2/language/6/"
            },
            "version_group": {
                "name": "omega-ruby-alpha-sapphire",
                "url": "https://pokeapi.co/api/v2/version-group/16/"
            }
        },
        {
            "flavor_text": "Es posible que el rival retroceda\npor el mal olor.",
            "language": {
                "name": "es",
                "url": "https://pokeapi.co/api/v2/language/7/"
            },
            "version_group": {
                "name": "omega-ruby-alpha-sapphire",
                "url": "https://pokeapi.co/api/v2/version-group/16/"
            }
        },
        {
            "flavor_text": "A volte il cattivo odore\nfa tentennare i nemici.",
            "language": {
                "name": "it",
                "url": "https://pokeapi.co/api/v2/language/8/"
            },
            "version_group": {
                "name": "omega-ruby-alpha-sapphire",
                "url": "https://pokeapi.co/api/v2/version-group/16/"
            }
        },
        {
            "flavor_text": "The stench may cause\nthe target to flinch.",
            "language": {
                "name": "en",
                "url": "https://pokeapi.co/api/v2/language/9/"
            },
            "version_group": {
                "name": "omega-ruby-alpha-sapphire",
                "url": "https://pokeapi.co/api/v2/version-group/16/"
            }
        },
        {
            "flavor_text": "???????\n??????????",
            "language": {
                "name": "ja",
                "url": "https://pokeapi.co/api/v2/language/11/"
            },
            "version_group": {
                "name": "omega-ruby-alpha-sapphire",
                "url": "https://pokeapi.co/api/v2/version-group/16/"
            }
        },
        {
            "flavor_text": "??????????????????\n???????????????\n????????????",
            "language": {
                "name": "ja-Hrkt",
                "url": "https://pokeapi.co/api/v2/language/1/"
            },
            "version_group": {
                "name": "sun-moon",
                "url": "https://pokeapi.co/api/v2/version-group/17/"
            }
        },
        {
            "flavor_text": "??? ???\n???? ? ???\n??? ?? ??.",
            "language": {
                "name": "ko",
                "url": "https://pokeapi.co/api/v2/language/3/"
            },
            "version_group": {
                "name": "sun-moon",
                "url": "https://pokeapi.co/api/v2/version-group/17/"
            }
        },
        {
            "flavor_text": "?????\n???????\n?????????",
            "language": {
                "name": "zh-Hant",
                "url": "https://pokeapi.co/api/v2/language/4/"
            },
            "version_group": {
                "name": "sun-moon",
                "url": "https://pokeapi.co/api/v2/version-group/17/"
            }
        },
        {
            "flavor_text": "Le Pokémon émet une odeur si nauséabonde\nqu’il peut effrayer sa cible.",
            "language": {
                "name": "fr",
                "url": "https://pokeapi.co/api/v2/language/5/"
            },
            "version_group": {
                "name": "sun-moon",
                "url": "https://pokeapi.co/api/v2/version-group/17/"
            }
        },
        {
            "flavor_text": "Lässt das Ziel beim Angriff eventuell durch Gestank\nzurückschrecken.",
            "language": {
                "name": "de",
                "url": "https://pokeapi.co/api/v2/language/6/"
            },
            "version_group": {
                "name": "sun-moon",
                "url": "https://pokeapi.co/api/v2/version-group/17/"
            }
        },
        {
            "flavor_text": "Debido al mal olor que emana, al atacar al rival puede\nhacerlo retroceder.",
            "language": {
                "name": "es",
                "url": "https://pokeapi.co/api/v2/language/7/"
            },
            "version_group": {
                "name": "sun-moon",
                "url": "https://pokeapi.co/api/v2/version-group/17/"
            }
        },
        {
            "flavor_text": "A volte il cattivo odore emesso dal Pokémon\nfa tentennare i nemici quando attacca.",
            "language": {
                "name": "it",
                "url": "https://pokeapi.co/api/v2/language/8/"
            },
            "version_group": {
                "name": "sun-moon",
                "url": "https://pokeapi.co/api/v2/version-group/17/"
            }
        },
        {
            "flavor_text": "By releasing stench when attacking, this Pokémon\nmay cause the target to flinch.",
            "language": {
                "name": "en",
                "url": "https://pokeapi.co/api/v2/language/9/"
            },
            "version_group": {
                "name": "sun-moon",
                "url": "https://pokeapi.co/api/v2/version-group/17/"
            }
        },
        {
            "flavor_text": "????????????????\n????????????\n????????????",
            "language": {
                "name": "ja",
                "url": "https://pokeapi.co/api/v2/language/11/"
            },
            "version_group": {
                "name": "sun-moon",
                "url": "https://pokeapi.co/api/v2/version-group/17/"
            }
        },
        {
            "flavor_text": "??????????\n???????\n?????????",
            "language": {
                "name": "zh-Hans",
                "url": "https://pokeapi.co/api/v2/language/12/"
            },
            "version_group": {
                "name": "sun-moon",
                "url": "https://pokeapi.co/api/v2/version-group/17/"
            }
        },
        {
            "flavor_text": "??????????????????\n???????????????\n????????????",
            "language": {
                "name": "ja-Hrkt",
                "url": "https://pokeapi.co/api/v2/language/1/"
            },
            "version_group": {
                "name": "ultra-sun-ultra-moon",
                "url": "https://pokeapi.co/api/v2/version-group/18/"
            }
        },
        {
            "flavor_text": "??? ???\n???? ? ???\n??? ?? ??.",
            "language": {
                "name": "ko",
                "url": "https://pokeapi.co/api/v2/language/3/"
            },
            "version_group": {
                "name": "ultra-sun-ultra-moon",
                "url": "https://pokeapi.co/api/v2/version-group/18/"
            }
        },
        {
            "flavor_text": "?????\n???????\n?????????",
            "language": {
                "name": "zh-Hant",
                "url": "https://pokeapi.co/api/v2/language/4/"
            },
            "version_group": {
                "name": "ultra-sun-ultra-moon",
                "url": "https://pokeapi.co/api/v2/version-group/18/"
            }
        },
        {
            "flavor_text": "Le Pokémon émet une odeur si nauséabonde\nqu’il peut effrayer sa cible.",
            "language": {
                "name": "fr",
                "url": "https://pokeapi.co/api/v2/language/5/"
            },
            "version_group": {
                "name": "ultra-sun-ultra-moon",
                "url": "https://pokeapi.co/api/v2/version-group/18/"
            }
        },
        {
            "flavor_text": "Lässt das Ziel beim Angriff eventuell durch Gestank\nzurückschrecken.",
            "language": {
                "name": "de",
                "url": "https://pokeapi.co/api/v2/language/6/"
            },
            "version_group": {
                "name": "ultra-sun-ultra-moon",
                "url": "https://pokeapi.co/api/v2/version-group/18/"
            }
        },
        {
            "flavor_text": "Debido al mal olor que emana, al atacar al rival puede\nhacerlo retroceder.",
            "language": {
                "name": "es",
                "url": "https://pokeapi.co/api/v2/language/7/"
            },
            "version_group": {
                "name": "ultra-sun-ultra-moon",
                "url": "https://pokeapi.co/api/v2/version-group/18/"
            }
        },
        {
            "flavor_text": "A volte il cattivo odore emesso dal Pokémon\nfa tentennare i nemici quando attacca.",
            "language": {
                "name": "it",
                "url": "https://pokeapi.co/api/v2/language/8/"
            },
            "version_group": {
                "name": "ultra-sun-ultra-moon",
                "url": "https://pokeapi.co/api/v2/version-group/18/"
            }
        },
        {
            "flavor_text": "By releasing stench when attacking, this Pokémon\nmay cause the target to flinch.",
            "language": {
                "name": "en",
                "url": "https://pokeapi.co/api/v2/language/9/"
            },
            "version_group": {
                "name": "ultra-sun-ultra-moon",
                "url": "https://pokeapi.co/api/v2/version-group/18/"
            }
        },
        {
            "flavor_text": "????????????????\n????????????\n????????????",
            "language": {
                "name": "ja",
                "url": "https://pokeapi.co/api/v2/language/11/"
            },
            "version_group": {
                "name": "ultra-sun-ultra-moon",
                "url": "https://pokeapi.co/api/v2/version-group/18/"
            }
        },
        {
            "flavor_text": "??????????\n???????\n?????????",
            "language": {
                "name": "zh-Hans",
                "url": "https://pokeapi.co/api/v2/language/12/"
            },
            "version_group": {
                "name": "ultra-sun-ultra-moon",
                "url": "https://pokeapi.co/api/v2/version-group/18/"
            }
        },
        {
            "flavor_text": "??????????????????\n???????????????\n????????????",
            "language": {
                "name": "ja-Hrkt",
                "url": "https://pokeapi.co/api/v2/language/1/"
            },
            "version_group": {
                "name": "lets-go-pikachu-lets-go-eevee",
                "url": "https://pokeapi.co/api/v2/version-group/19/"
            }
        },
        {
            "flavor_text": "??? ???\n???? ? ???\n??? ?? ??.",
            "language": {
                "name": "ko",
                "url": "https://pokeapi.co/api/v2/language/3/"
            },
            "version_group": {
                "name": "lets-go-pikachu-lets-go-eevee",
                "url": "https://pokeapi.co/api/v2/version-group/19/"
            }
        },
        {
            "flavor_text": "?????\n???????\n?????????",
            "language": {
                "name": "zh-Hant",
                "url": "https://pokeapi.co/api/v2/language/4/"
            },
            "version_group": {
                "name": "lets-go-pikachu-lets-go-eevee",
                "url": "https://pokeapi.co/api/v2/version-group/19/"
            }
        },
        {
            "flavor_text": "Le Pokémon émet une odeur si nauséabonde\nqu’il peut effrayer sa cible.",
            "language": {
                "name": "fr",
                "url": "https://pokeapi.co/api/v2/language/5/"
            },
            "version_group": {
                "name": "lets-go-pikachu-lets-go-eevee",
                "url": "https://pokeapi.co/api/v2/version-group/19/"
            }
        },
        {
            "flavor_text": "Lässt das Ziel beim Angriff eventuell durch Gestank\nzurückschrecken.",
            "language": {
                "name": "de",
                "url": "https://pokeapi.co/api/v2/language/6/"
            },
            "version_group": {
                "name": "lets-go-pikachu-lets-go-eevee",
                "url": "https://pokeapi.co/api/v2/version-group/19/"
            }
        },
        {
            "flavor_text": "Debido al mal olor que emana, al atacar al rival puede\nhacerlo retroceder.",
            "language": {
                "name": "es",
                "url": "https://pokeapi.co/api/v2/language/7/"
            },
            "version_group": {
                "name": "lets-go-pikachu-lets-go-eevee",
                "url": "https://pokeapi.co/api/v2/version-group/19/"
            }
        },
        {
            "flavor_text": "A volte il cattivo odore emesso dal Pokémon\nfa tentennare i nemici quando attacca.",
            "language": {
                "name": "it",
                "url": "https://pokeapi.co/api/v2/language/8/"
            },
            "version_group": {
                "name": "lets-go-pikachu-lets-go-eevee",
                "url": "https://pokeapi.co/api/v2/version-group/19/"
            }
        },
        {
            "flavor_text": "By releasing stench when attacking, this Pokémon\nmay cause the target to flinch.",
            "language": {
                "name": "en",
                "url": "https://pokeapi.co/api/v2/language/9/"
            },
            "version_group": {
                "name": "lets-go-pikachu-lets-go-eevee",
                "url": "https://pokeapi.co/api/v2/version-group/19/"
            }
        },
        {
            "flavor_text": "????????????????\n????????????\n????????????",
            "language": {
                "name": "ja",
                "url": "https://pokeapi.co/api/v2/language/11/"
            },
            "version_group": {
                "name": "lets-go-pikachu-lets-go-eevee",
                "url": "https://pokeapi.co/api/v2/version-group/19/"
            }
        },
        {
            "flavor_text": "??????????\n???????\n?????????",
            "language": {
                "name": "zh-Hans",
                "url": "https://pokeapi.co/api/v2/language/12/"
            },
            "version_group": {
                "name": "lets-go-pikachu-lets-go-eevee",
                "url": "https://pokeapi.co/api/v2/version-group/19/"
            }
        },
        {
            "flavor_text": "??????????????????\n???????????????\n????????????",
            "language": {
                "name": "ja-Hrkt",
                "url": "https://pokeapi.co/api/v2/language/1/"
            },
            "version_group": {
                "name": "sword-shield",
                "url": "https://pokeapi.co/api/v2/version-group/20/"
            }
        },
        {
            "flavor_text": "??? ???\n???? ? ???\n??? ?? ??.",
            "language": {
                "name": "ko",
                "url": "https://pokeapi.co/api/v2/language/3/"
            },
            "version_group": {
                "name": "sword-shield",
                "url": "https://pokeapi.co/api/v2/version-group/20/"
            }
        },
        {
            "flavor_text": "?????\n???????\n?????????",
            "language": {
                "name": "zh-Hant",
                "url": "https://pokeapi.co/api/v2/language/4/"
            },
            "version_group": {
                "name": "sword-shield",
                "url": "https://pokeapi.co/api/v2/version-group/20/"
            }
        },
        {
            "flavor_text": "Le Pokémon émet une odeur si nauséabonde\nqu’il peut effrayer sa cible.",
            "language": {
                "name": "fr",
                "url": "https://pokeapi.co/api/v2/language/5/"
            },
            "version_group": {
                "name": "sword-shield",
                "url": "https://pokeapi.co/api/v2/version-group/20/"
            }
        },
        {
            "flavor_text": "Lässt das Ziel beim Angriff eventuell durch Gestank\nzurückschrecken.",
            "language": {
                "name": "de",
                "url": "https://pokeapi.co/api/v2/language/6/"
            },
            "version_group": {
                "name": "sword-shield",
                "url": "https://pokeapi.co/api/v2/version-group/20/"
            }
        },
        {
            "flavor_text": "Puede amedrentar al rival al atacarlo debido al mal olor\nque emana.",
            "language": {
                "name": "es",
                "url": "https://pokeapi.co/api/v2/language/7/"
            },
            "version_group": {
                "name": "sword-shield",
                "url": "https://pokeapi.co/api/v2/version-group/20/"
            }
        },
        {
            "flavor_text": "A volte il cattivo odore emesso dal Pokémon\nfa tentennare i nemici quando attacca.",
            "language": {
                "name": "it",
                "url": "https://pokeapi.co/api/v2/language/8/"
            },
            "version_group": {
                "name": "sword-shield",
                "url": "https://pokeapi.co/api/v2/version-group/20/"
            }
        },
        {
            "flavor_text": "By releasing stench when attacking, this Pokémon\nmay cause the target to flinch.",
            "language": {
                "name": "en",
                "url": "https://pokeapi.co/api/v2/language/9/"
            },
            "version_group": {
                "name": "sword-shield",
                "url": "https://pokeapi.co/api/v2/version-group/20/"
            }
        },
        {
            "flavor_text": "????????????????\n????????????\n????????????",
            "language": {
                "name": "ja",
                "url": "https://pokeapi.co/api/v2/language/11/"
            },
            "version_group": {
                "name": "sword-shield",
                "url": "https://pokeapi.co/api/v2/version-group/20/"
            }
        },
        {
            "flavor_text": "??????????\n???????\n?????????",
            "language": {
                "name": "zh-Hans",
                "url": "https://pokeapi.co/api/v2/language/12/"
            },
            "version_group": {
                "name": "sword-shield",
                "url": "https://pokeapi.co/api/v2/version-group/20/"
            }
        }
    ],
    "generation": {
        "name": "generation-iii",
        "url": "https://pokeapi.co/api/v2/generation/3/"
    },
    "id": 1,
    "is_main_series": true,
    "name": "stench",
    "names": [
        {
            "language": {
                "name": "ja-Hrkt",
                "url": "https://pokeapi.co/api/v2/language/1/"
            },
            "name": "?????"
        },
        {
            "language": {
                "name": "ko",
                "url": "https://pokeapi.co/api/v2/language/3/"
            },
            "name": "??"
        },
        {
            "language": {
                "name": "zh-Hant",
                "url": "https://pokeapi.co/api/v2/language/4/"
            },
            "name": "??"
        },
        {
            "language": {
                "name": "fr",
                "url": "https://pokeapi.co/api/v2/language/5/"
            },
            "name": "Puanteur"
        },
        {
            "language": {
                "name": "de",
                "url": "https://pokeapi.co/api/v2/language/6/"
            },
            "name": "Duftnote"
        },
        {
            "language": {
                "name": "es",
                "url": "https://pokeapi.co/api/v2/language/7/"
            },
            "name": "Hedor"
        },
        {
            "language": {
                "name": "it",
                "url": "https://pokeapi.co/api/v2/language/8/"
            },
            "name": "Tanfo"
        },
        {
            "language": {
                "name": "en",
                "url": "https://pokeapi.co/api/v2/language/9/"
            },
            "name": "Stench"
        },
        {
            "language": {
                "name": "ja",
                "url": "https://pokeapi.co/api/v2/language/11/"
            },
            "name": "?????"
        },
        {
            "language": {
                "name": "zh-Hans",
                "url": "https://pokeapi.co/api/v2/language/12/"
            },
            "name": "??"
        }
    ],
    "pokemon": [
        {
            "is_hidden": true,
            "pokemon": {
                "name": "gloom",
                "url": "https://pokeapi.co/api/v2/pokemon/44/"
            },
            "slot": 3
        },
        {
            "is_hidden": false,
            "pokemon": {
                "name": "grimer",
                "url": "https://pokeapi.co/api/v2/pokemon/88/"
            },
            "slot": 1
        },
        {
            "is_hidden": false,
            "pokemon": {
                "name": "muk",
                "url": "https://pokeapi.co/api/v2/pokemon/89/"
            },
            "slot": 1
        },
        {
            "is_hidden": true,
            "pokemon": {
                "name": "koffing",
                "url": "https://pokeapi.co/api/v2/pokemon/109/"
            },
            "slot": 3
        },
        {
            "is_hidden": true,
            "pokemon": {
                "name": "weezing",
                "url": "https://pokeapi.co/api/v2/pokemon/110/"
            },
            "slot": 3
        },
        {
            "is_hidden": false,
            "pokemon": {
                "name": "stunky",
                "url": "https://pokeapi.co/api/v2/pokemon/434/"
            },
            "slot": 1
        },
        {
            "is_hidden": false,
            "pokemon": {
                "name": "skuntank",
                "url": "https://pokeapi.co/api/v2/pokemon/435/"
            },
            "slot": 1
        },
        {
            "is_hidden": false,
            "pokemon": {
                "name": "trubbish",
                "url": "https://pokeapi.co/api/v2/pokemon/568/"
            },
            "slot": 1
        },
        {
            "is_hidden": false,
            "pokemon": {
                "name": "garbodor",
                "url": "https://pokeapi.co/api/v2/pokemon/569/"
            },
            "slot": 1
        },
        {
            "is_hidden": false,
            "pokemon": {
                "name": "garbodor-gmax",
                "url": "https://pokeapi.co/api/v2/pokemon/10207/"
            },
            "slot": 1
        }
    ]
}
]]></system-out>
  <system-err><![CDATA[]]></system-err>
</testsuite>
