<?xml version="1.0" encoding="UTF-8"?>
<testsuite name="Administracion de usuarios" tests="2" skipped="0" failures="0" errors="0" timestamp="2022-03-27T19:43:15" hostname="LENOVO-PC" time="1.682">
  <properties/>
  <testcase name="Eliminar usuario" classname="Administracion de usuarios" time="1.016"/>
  <testcase name="Eliminar usuario" classname="Administracion de usuarios" time="0.666"/>
  <system-out><![CDATA[]]></system-out>
  <system-err><![CDATA[]]></system-err>
</testsuite>
