<?xml version="1.0" encoding="UTF-8"?>
<testsuite name="co.com.sofka.runners.reqres.UsersTest" tests="0" skipped="0" failures="0" errors="0" timestamp="1970-01-01T00:00:00" hostname="LENOVO-PC" time="0.0">
  <properties/>
  <system-out><![CDATA[
2 Scenarios (?[32m2 passed?[0m)
6 Steps (?[32m6 passed?[0m)
0m1,686s


]]></system-out>
  <system-err><![CDATA[]]></system-err>
</testsuite>
