<?xml version="1.0" encoding="UTF-8"?>
<testsuite name="Administracion de usuarios" tests="2" skipped="0" failures="0" errors="0" timestamp="2022-03-26T02:08:35" hostname="LENOVO-PC" time="3.001">
  <properties/>
  <testcase name="Eliminar usuario" classname="Administracion de usuarios" time="1.167"/>
  <testcase name="Eliminar usuario" classname="Administracion de usuarios" time="1.834"/>
  <system-out><![CDATA[]]></system-out>
  <system-err><![CDATA[]]></system-err>
</testsuite>
