<?xml version="1.0" encoding="UTF-8"?>
<testsuite name="co.com.sofka.runners.pokeapi.SingleAbilityTest" tests="0" skipped="0" failures="0" errors="0" timestamp="1970-01-01T00:00:00" hostname="LENOVO-PC" time="0.0">
  <properties/>
  <system-out><![CDATA[
3 Scenarios (?[32m3 passed?[0m)
9 Steps (?[32m9 passed?[0m)
0m9,485s


]]></system-out>
  <system-err><![CDATA[]]></system-err>
</testsuite>
